0 info it worked if it ends with ok
1 verbose cli [ '/usr/bin/node',
1 verbose cli   '/usr/bin/npm',
1 verbose cli   'install',
1 verbose cli   'grunt-contrib-waconnect',
1 verbose cli   '-save-dev' ]
2 info using npm@1.4.28
3 info using node@v0.10.37
4 verbose node symlink /usr/bin/node
5 verbose readDependencies using package.json deps
6 verbose cache add [ 'grunt-contrib-waconnect', null ]
7 verbose cache add name=undefined spec="grunt-contrib-waconnect" args=["grunt-contrib-waconnect",null]
8 verbose parsed url { protocol: null,
8 verbose parsed url   slashes: null,
8 verbose parsed url   auth: null,
8 verbose parsed url   host: null,
8 verbose parsed url   port: null,
8 verbose parsed url   hostname: null,
8 verbose parsed url   hash: null,
8 verbose parsed url   search: null,
8 verbose parsed url   query: null,
8 verbose parsed url   pathname: 'grunt-contrib-waconnect',
8 verbose parsed url   path: 'grunt-contrib-waconnect',
8 verbose parsed url   href: 'grunt-contrib-waconnect' }
9 silly lockFile 74a9bd15-grunt-contrib-waconnect grunt-contrib-waconnect
10 verbose lock grunt-contrib-waconnect /home/huihui/.npm/74a9bd15-grunt-contrib-waconnect.lock
11 silly lockFile 74a9bd15-grunt-contrib-waconnect grunt-contrib-waconnect
12 silly lockFile 74a9bd15-grunt-contrib-waconnect grunt-contrib-waconnect
13 verbose addNamed [ 'grunt-contrib-waconnect', '' ]
14 verbose addNamed [ null, '*' ]
15 silly lockFile 7423de29-grunt-contrib-waconnect grunt-contrib-waconnect@
16 verbose lock grunt-contrib-waconnect@ /home/huihui/.npm/7423de29-grunt-contrib-waconnect.lock
17 silly addNameRange { name: 'grunt-contrib-waconnect', range: '*', hasData: false }
18 verbose request where is /grunt-contrib-waconnect
19 verbose request registry https://registry.npmjs.org/
20 verbose request id fa6710167c14b827
21 verbose url raw /grunt-contrib-waconnect
22 verbose url resolving [ 'https://registry.npmjs.org/', './grunt-contrib-waconnect' ]
23 verbose url resolved https://registry.npmjs.org/grunt-contrib-waconnect
24 verbose request where is https://registry.npmjs.org/grunt-contrib-waconnect
25 info trying registry request attempt 1 at 16:52:28
26 http GET https://registry.npmjs.org/grunt-contrib-waconnect
27 http 404 https://registry.npmjs.org/grunt-contrib-waconnect
28 verbose headers { server: 'CouchDB/1.5.0 (Erlang OTP/R16B03)',
28 verbose headers   'content-type': 'application/json',
28 verbose headers   'cache-control': 'max-age=0',
28 verbose headers   'content-length': '51',
28 verbose headers   'accept-ranges': 'bytes',
28 verbose headers   date: 'Fri, 15 May 2015 08:52:44 GMT',
28 verbose headers   via: '1.1 varnish',
28 verbose headers   age: '0',
28 verbose headers   connection: 'keep-alive',
28 verbose headers   'x-served-by': 'cache-sjc3121-SJC',
28 verbose headers   'x-cache': 'MISS',
28 verbose headers   'x-cache-hits': '0',
28 verbose headers   'x-timer': 'S1431679964.288227,VS0,VE40' }
29 silly registry.get cb [ 404,
29 silly registry.get   { server: 'CouchDB/1.5.0 (Erlang OTP/R16B03)',
29 silly registry.get     'content-type': 'application/json',
29 silly registry.get     'cache-control': 'max-age=0',
29 silly registry.get     'content-length': '51',
29 silly registry.get     'accept-ranges': 'bytes',
29 silly registry.get     date: 'Fri, 15 May 2015 08:52:44 GMT',
29 silly registry.get     via: '1.1 varnish',
29 silly registry.get     age: '0',
29 silly registry.get     connection: 'keep-alive',
29 silly registry.get     'x-served-by': 'cache-sjc3121-SJC',
29 silly registry.get     'x-cache': 'MISS',
29 silly registry.get     'x-cache-hits': '0',
29 silly registry.get     'x-timer': 'S1431679964.288227,VS0,VE40' } ]
30 silly lockFile 7423de29-grunt-contrib-waconnect grunt-contrib-waconnect@
31 silly lockFile 7423de29-grunt-contrib-waconnect grunt-contrib-waconnect@
32 error 404 404 Not Found: grunt-contrib-waconnect
32 error 404
32 error 404 'grunt-contrib-waconnect' is not in the npm registry.
32 error 404 You should bug the author to publish it
32 error 404 It was specified as a dependency of 'srtp'
32 error 404
32 error 404 Note that you can also install from a
32 error 404 tarball, folder, or http url, or git url.
33 error System Linux 3.13.0-48-generic
34 error command "/usr/bin/node" "/usr/bin/npm" "install" "grunt-contrib-waconnect" "-save-dev"
35 error cwd /home/huihui/code/srtp
36 error node -v v0.10.37
37 error npm -v 1.4.28
38 error code E404
39 verbose exit [ 1, true ]
